{"/Users/dulajkavinda/Desktop/Projects/Personal/folio-ui/src/assets/icons/account.svg": {"path":"/Users/dulajkavinda/Desktop/Projects/Personal/folio-ui/src/assets/icons/account.svg","statementMap":{"0":{"start":{"line":1,"column":0},"end":{"line":1,"column":19}}},"fnMap":{},"branchMap":{},"s":{"0":8},"f":{},"b":{},"_coverageSchema":"1a1c01bbd47fc00a2c39e90264f33305004495a9","hash":"2ed23f6bad90547e5e3dfcebe96424499ee64599"}
,"/Users/dulajkavinda/Desktop/Projects/Personal/folio-ui/src/assets/icons/aws.svg": {"path":"/Users/dulajkavinda/Desktop/Projects/Personal/folio-ui/src/assets/icons/aws.svg","statementMap":{"0":{"start":{"line":1,"column":0},"end":{"line":1,"column":19}}},"fnMap":{},"branchMap":{},"s":{"0":8},"f":{},"b":{},"_coverageSchema":"1a1c01bbd47fc00a2c39e90264f33305004495a9","hash":"622e99a068bbeb4dc5f057f17beaabc65211e529"}
,"/Users/dulajkavinda/Desktop/Projects/Personal/folio-ui/src/assets/icons/blog.svg": {"path":"/Users/dulajkavinda/Desktop/Projects/Personal/folio-ui/src/assets/icons/blog.svg","statementMap":{"0":{"start":{"line":1,"column":0},"end":{"line":1,"column":19}}},"fnMap":{},"branchMap":{},"s":{"0":8},"f":{},"b":{},"_coverageSchema":"1a1c01bbd47fc00a2c39e90264f33305004495a9","hash":"27fdf8fbf924dfffa5d9c01da3a673128b57a6fb"}
,"/Users/dulajkavinda/Desktop/Projects/Personal/folio-ui/src/assets/icons/career.svg": {"path":"/Users/dulajkavinda/Desktop/Projects/Personal/folio-ui/src/assets/icons/career.svg","statementMap":{"0":{"start":{"line":1,"column":0},"end":{"line":1,"column":19}}},"fnMap":{},"branchMap":{},"s":{"0":8},"f":{},"b":{},"_coverageSchema":"1a1c01bbd47fc00a2c39e90264f33305004495a9","hash":"f81313c27aeafb84d8e9615f6c2ebc06078b3b00"}
,"/Users/dulajkavinda/Desktop/Projects/Personal/folio-ui/src/assets/icons/changelog.svg": {"path":"/Users/dulajkavinda/Desktop/Projects/Personal/folio-ui/src/assets/icons/changelog.svg","statementMap":{"0":{"start":{"line":1,"column":0},"end":{"line":1,"column":19}}},"fnMap":{},"branchMap":{},"s":{"0":8},"f":{},"b":{},"_coverageSchema":"1a1c01bbd47fc00a2c39e90264f33305004495a9","hash":"490224b2acce80cbbbaaa4326344c7e5382f82ee"}
,"/Users/dulajkavinda/Desktop/Projects/Personal/folio-ui/src/assets/icons/close.svg": {"path":"/Users/dulajkavinda/Desktop/Projects/Personal/folio-ui/src/assets/icons/close.svg","statementMap":{"0":{"start":{"line":1,"column":0},"end":{"line":1,"column":19}}},"fnMap":{},"branchMap":{},"s":{"0":8},"f":{},"b":{},"_coverageSchema":"1a1c01bbd47fc00a2c39e90264f33305004495a9","hash":"a60e94180be4143f34c27f118012eab3fe4b3f02"}
,"/Users/dulajkavinda/Desktop/Projects/Personal/folio-ui/src/assets/icons/contact.svg": {"path":"/Users/dulajkavinda/Desktop/Projects/Personal/folio-ui/src/assets/icons/contact.svg","statementMap":{"0":{"start":{"line":1,"column":0},"end":{"line":1,"column":19}}},"fnMap":{},"branchMap":{},"s":{"0":8},"f":{},"b":{},"_coverageSchema":"1a1c01bbd47fc00a2c39e90264f33305004495a9","hash":"03a2189637b8958c395a1a3c9539931f4fb8c894"}
,"/Users/dulajkavinda/Desktop/Projects/Personal/folio-ui/src/assets/icons/credits.svg": {"path":"/Users/dulajkavinda/Desktop/Projects/Personal/folio-ui/src/assets/icons/credits.svg","statementMap":{"0":{"start":{"line":1,"column":0},"end":{"line":1,"column":19}}},"fnMap":{},"branchMap":{},"s":{"0":8},"f":{},"b":{},"_coverageSchema":"1a1c01bbd47fc00a2c39e90264f33305004495a9","hash":"e0b3a4565db61fc4b0bada3825ba5011fa966bfe"}
,"/Users/dulajkavinda/Desktop/Projects/Personal/folio-ui/src/assets/icons/dark.svg": {"path":"/Users/dulajkavinda/Desktop/Projects/Personal/folio-ui/src/assets/icons/dark.svg","statementMap":{"0":{"start":{"line":1,"column":0},"end":{"line":1,"column":19}}},"fnMap":{},"branchMap":{},"s":{"0":8},"f":{},"b":{},"_coverageSchema":"1a1c01bbd47fc00a2c39e90264f33305004495a9","hash":"327dc13fcae17bada5529d2c48c55a9bf8ec63bf"}
,"/Users/dulajkavinda/Desktop/Projects/Personal/folio-ui/src/assets/icons/dashboard.svg": {"path":"/Users/dulajkavinda/Desktop/Projects/Personal/folio-ui/src/assets/icons/dashboard.svg","statementMap":{"0":{"start":{"line":1,"column":0},"end":{"line":1,"column":19}}},"fnMap":{},"branchMap":{},"s":{"0":8},"f":{},"b":{},"_coverageSchema":"1a1c01bbd47fc00a2c39e90264f33305004495a9","hash":"91744ad7836f95d7701569bd8cc3ad988a42d257"}
,"/Users/dulajkavinda/Desktop/Projects/Personal/folio-ui/src/assets/icons/docker.svg": {"path":"/Users/dulajkavinda/Desktop/Projects/Personal/folio-ui/src/assets/icons/docker.svg","statementMap":{"0":{"start":{"line":1,"column":0},"end":{"line":1,"column":19}}},"fnMap":{},"branchMap":{},"s":{"0":8},"f":{},"b":{},"_coverageSchema":"1a1c01bbd47fc00a2c39e90264f33305004495a9","hash":"a178bf2b837db437e1e262dc5a28bcc1a9040cd5"}
,"/Users/dulajkavinda/Desktop/Projects/Personal/folio-ui/src/assets/icons/dots-circle.svg": {"path":"/Users/dulajkavinda/Desktop/Projects/Personal/folio-ui/src/assets/icons/dots-circle.svg","statementMap":{"0":{"start":{"line":1,"column":0},"end":{"line":1,"column":19}}},"fnMap":{},"branchMap":{},"s":{"0":8},"f":{},"b":{},"_coverageSchema":"1a1c01bbd47fc00a2c39e90264f33305004495a9","hash":"9b6e3fb8cac409fb3b1e48a3ad6ecd956b979968"}
,"/Users/dulajkavinda/Desktop/Projects/Personal/folio-ui/src/assets/icons/dots-grid.svg": {"path":"/Users/dulajkavinda/Desktop/Projects/Personal/folio-ui/src/assets/icons/dots-grid.svg","statementMap":{"0":{"start":{"line":1,"column":0},"end":{"line":1,"column":19}}},"fnMap":{},"branchMap":{},"s":{"0":8},"f":{},"b":{},"_coverageSchema":"1a1c01bbd47fc00a2c39e90264f33305004495a9","hash":"0b94bb2517c4834e54bda186dfafd626aa1e1eb4"}
,"/Users/dulajkavinda/Desktop/Projects/Personal/folio-ui/src/assets/icons/dots-hexagon.svg": {"path":"/Users/dulajkavinda/Desktop/Projects/Personal/folio-ui/src/assets/icons/dots-hexagon.svg","statementMap":{"0":{"start":{"line":1,"column":0},"end":{"line":1,"column":19}}},"fnMap":{},"branchMap":{},"s":{"0":8},"f":{},"b":{},"_coverageSchema":"1a1c01bbd47fc00a2c39e90264f33305004495a9","hash":"192c13f3cdc5921e4ff129b742d60f1ec7a48374"}
,"/Users/dulajkavinda/Desktop/Projects/Personal/folio-ui/src/assets/icons/dots-square.svg": {"path":"/Users/dulajkavinda/Desktop/Projects/Personal/folio-ui/src/assets/icons/dots-square.svg","statementMap":{"0":{"start":{"line":1,"column":0},"end":{"line":1,"column":19}}},"fnMap":{},"branchMap":{},"s":{"0":8},"f":{},"b":{},"_coverageSchema":"1a1c01bbd47fc00a2c39e90264f33305004495a9","hash":"a1f84903d1d6ffcc29e5e3f89bdd9bae0b61ffff"}
,"/Users/dulajkavinda/Desktop/Projects/Personal/folio-ui/src/assets/icons/dots-triangle.svg": {"path":"/Users/dulajkavinda/Desktop/Projects/Personal/folio-ui/src/assets/icons/dots-triangle.svg","statementMap":{"0":{"start":{"line":1,"column":0},"end":{"line":1,"column":19}}},"fnMap":{},"branchMap":{},"s":{"0":8},"f":{},"b":{},"_coverageSchema":"1a1c01bbd47fc00a2c39e90264f33305004495a9","hash":"bcfc94003a158879f327ec76fc15973ca5502cdc"}
,"/Users/dulajkavinda/Desktop/Projects/Personal/folio-ui/src/assets/icons/dots-vertical.svg": {"path":"/Users/dulajkavinda/Desktop/Projects/Personal/folio-ui/src/assets/icons/dots-vertical.svg","statementMap":{"0":{"start":{"line":1,"column":0},"end":{"line":1,"column":19}}},"fnMap":{},"branchMap":{},"s":{"0":8},"f":{},"b":{},"_coverageSchema":"1a1c01bbd47fc00a2c39e90264f33305004495a9","hash":"96c02b0a6af681eaea84ba5938a1dcc99ec4ce8d"}
,"/Users/dulajkavinda/Desktop/Projects/Personal/folio-ui/src/assets/icons/dots.svg": {"path":"/Users/dulajkavinda/Desktop/Projects/Personal/folio-ui/src/assets/icons/dots.svg","statementMap":{"0":{"start":{"line":1,"column":0},"end":{"line":1,"column":19}}},"fnMap":{},"branchMap":{},"s":{"0":8},"f":{},"b":{},"_coverageSchema":"1a1c01bbd47fc00a2c39e90264f33305004495a9","hash":"0bc3755f8278aa3a40cad13abae588f65009c8e1"}
,"/Users/dulajkavinda/Desktop/Projects/Personal/folio-ui/src/assets/icons/email.svg": {"path":"/Users/dulajkavinda/Desktop/Projects/Personal/folio-ui/src/assets/icons/email.svg","statementMap":{"0":{"start":{"line":1,"column":0},"end":{"line":1,"column":19}}},"fnMap":{},"branchMap":{},"s":{"0":8},"f":{},"b":{},"_coverageSchema":"1a1c01bbd47fc00a2c39e90264f33305004495a9","hash":"275b2d082be1822fe82c0565cd55f4a8d4a57da5"}
,"/Users/dulajkavinda/Desktop/Projects/Personal/folio-ui/src/assets/icons/eye.svg": {"path":"/Users/dulajkavinda/Desktop/Projects/Personal/folio-ui/src/assets/icons/eye.svg","statementMap":{"0":{"start":{"line":1,"column":0},"end":{"line":1,"column":19}}},"fnMap":{},"branchMap":{},"s":{"0":8},"f":{},"b":{},"_coverageSchema":"1a1c01bbd47fc00a2c39e90264f33305004495a9","hash":"f4c205b77e3944724ea86fe2279d31c2c296df11"}
,"/Users/dulajkavinda/Desktop/Projects/Personal/folio-ui/src/assets/icons/facebook.svg": {"path":"/Users/dulajkavinda/Desktop/Projects/Personal/folio-ui/src/assets/icons/facebook.svg","statementMap":{"0":{"start":{"line":1,"column":0},"end":{"line":1,"column":19}}},"fnMap":{},"branchMap":{},"s":{"0":8},"f":{},"b":{},"_coverageSchema":"1a1c01bbd47fc00a2c39e90264f33305004495a9","hash":"e2330a2c7f8973d1140ea26c18af17b2db545ae7"}
,"/Users/dulajkavinda/Desktop/Projects/Personal/folio-ui/src/assets/icons/github.svg": {"path":"/Users/dulajkavinda/Desktop/Projects/Personal/folio-ui/src/assets/icons/github.svg","statementMap":{"0":{"start":{"line":1,"column":0},"end":{"line":1,"column":19}}},"fnMap":{},"branchMap":{},"s":{"0":8},"f":{},"b":{},"_coverageSchema":"1a1c01bbd47fc00a2c39e90264f33305004495a9","hash":"31d9752a0137f2c29486d032ec451625840f5c95"}
,"/Users/dulajkavinda/Desktop/Projects/Personal/folio-ui/src/assets/icons/graphql.svg": {"path":"/Users/dulajkavinda/Desktop/Projects/Personal/folio-ui/src/assets/icons/graphql.svg","statementMap":{"0":{"start":{"line":1,"column":0},"end":{"line":1,"column":19}}},"fnMap":{},"branchMap":{},"s":{"0":8},"f":{},"b":{},"_coverageSchema":"1a1c01bbd47fc00a2c39e90264f33305004495a9","hash":"e9d739eb205bedfea6e2b2b3e803174c63826594"}
,"/Users/dulajkavinda/Desktop/Projects/Personal/folio-ui/src/assets/icons/home.svg": {"path":"/Users/dulajkavinda/Desktop/Projects/Personal/folio-ui/src/assets/icons/home.svg","statementMap":{"0":{"start":{"line":1,"column":0},"end":{"line":1,"column":19}}},"fnMap":{},"branchMap":{},"s":{"0":8},"f":{},"b":{},"_coverageSchema":"1a1c01bbd47fc00a2c39e90264f33305004495a9","hash":"041bcb8567ec9ce0a8f486efad9f3faba9b6caa1"}
,"/Users/dulajkavinda/Desktop/Projects/Personal/folio-ui/src/assets/icons/images.svg": {"path":"/Users/dulajkavinda/Desktop/Projects/Personal/folio-ui/src/assets/icons/images.svg","statementMap":{"0":{"start":{"line":1,"column":0},"end":{"line":1,"column":19}}},"fnMap":{},"branchMap":{},"s":{"0":8},"f":{},"b":{},"_coverageSchema":"1a1c01bbd47fc00a2c39e90264f33305004495a9","hash":"a34f05fecbc877f1d046bf63aeb2281a08beacb1"}
,"/Users/dulajkavinda/Desktop/Projects/Personal/folio-ui/src/assets/icons/instagram.svg": {"path":"/Users/dulajkavinda/Desktop/Projects/Personal/folio-ui/src/assets/icons/instagram.svg","statementMap":{"0":{"start":{"line":1,"column":0},"end":{"line":1,"column":19}}},"fnMap":{},"branchMap":{},"s":{"0":8},"f":{},"b":{},"_coverageSchema":"1a1c01bbd47fc00a2c39e90264f33305004495a9","hash":"38c312c06e97f8e56711f9e989a3c71fb0ae2696"}
,"/Users/dulajkavinda/Desktop/Projects/Personal/folio-ui/src/assets/icons/jest.svg": {"path":"/Users/dulajkavinda/Desktop/Projects/Personal/folio-ui/src/assets/icons/jest.svg","statementMap":{"0":{"start":{"line":1,"column":0},"end":{"line":1,"column":19}}},"fnMap":{},"branchMap":{},"s":{"0":8},"f":{},"b":{},"_coverageSchema":"1a1c01bbd47fc00a2c39e90264f33305004495a9","hash":"f9f0bad2ae063f44daa14f52fa5b73b3eec74d6c"}
,"/Users/dulajkavinda/Desktop/Projects/Personal/folio-ui/src/assets/icons/js.svg": {"path":"/Users/dulajkavinda/Desktop/Projects/Personal/folio-ui/src/assets/icons/js.svg","statementMap":{"0":{"start":{"line":1,"column":0},"end":{"line":1,"column":19}}},"fnMap":{},"branchMap":{},"s":{"0":8},"f":{},"b":{},"_coverageSchema":"1a1c01bbd47fc00a2c39e90264f33305004495a9","hash":"3f5882cf433c4ce8b994a720c82d5f0716a820a5"}
,"/Users/dulajkavinda/Desktop/Projects/Personal/folio-ui/src/assets/icons/link.svg": {"path":"/Users/dulajkavinda/Desktop/Projects/Personal/folio-ui/src/assets/icons/link.svg","statementMap":{"0":{"start":{"line":1,"column":0},"end":{"line":1,"column":19}}},"fnMap":{},"branchMap":{},"s":{"0":8},"f":{},"b":{},"_coverageSchema":"1a1c01bbd47fc00a2c39e90264f33305004495a9","hash":"4069fc47e639804c15cd140e4c9fbcec6e749b1a"}
,"/Users/dulajkavinda/Desktop/Projects/Personal/folio-ui/src/assets/icons/linkedin.svg": {"path":"/Users/dulajkavinda/Desktop/Projects/Personal/folio-ui/src/assets/icons/linkedin.svg","statementMap":{"0":{"start":{"line":1,"column":0},"end":{"line":1,"column":19}}},"fnMap":{},"branchMap":{},"s":{"0":8},"f":{},"b":{},"_coverageSchema":"1a1c01bbd47fc00a2c39e90264f33305004495a9","hash":"92030296c5c82f8153108adaae0a77af0eb6cf34"}
,"/Users/dulajkavinda/Desktop/Projects/Personal/folio-ui/src/assets/icons/minus.svg": {"path":"/Users/dulajkavinda/Desktop/Projects/Personal/folio-ui/src/assets/icons/minus.svg","statementMap":{"0":{"start":{"line":1,"column":0},"end":{"line":1,"column":19}}},"fnMap":{},"branchMap":{},"s":{"0":8},"f":{},"b":{},"_coverageSchema":"1a1c01bbd47fc00a2c39e90264f33305004495a9","hash":"72336b98478f64bc94c85daa5f8ff00b79727d3e"}
,"/Users/dulajkavinda/Desktop/Projects/Personal/folio-ui/src/assets/icons/mocha.svg": {"path":"/Users/dulajkavinda/Desktop/Projects/Personal/folio-ui/src/assets/icons/mocha.svg","statementMap":{"0":{"start":{"line":1,"column":0},"end":{"line":1,"column":19}}},"fnMap":{},"branchMap":{},"s":{"0":8},"f":{},"b":{},"_coverageSchema":"1a1c01bbd47fc00a2c39e90264f33305004495a9","hash":"920e6a1167279b1a700710a8c6f76a44d7c41ad4"}
,"/Users/dulajkavinda/Desktop/Projects/Personal/folio-ui/src/assets/icons/nextjs.svg": {"path":"/Users/dulajkavinda/Desktop/Projects/Personal/folio-ui/src/assets/icons/nextjs.svg","statementMap":{"0":{"start":{"line":1,"column":0},"end":{"line":1,"column":19}}},"fnMap":{},"branchMap":{},"s":{"0":8},"f":{},"b":{},"_coverageSchema":"1a1c01bbd47fc00a2c39e90264f33305004495a9","hash":"39e002269dbd3c22d76503023f6f8cd3253ccee4"}
,"/Users/dulajkavinda/Desktop/Projects/Personal/folio-ui/src/assets/icons/nodejs.svg": {"path":"/Users/dulajkavinda/Desktop/Projects/Personal/folio-ui/src/assets/icons/nodejs.svg","statementMap":{"0":{"start":{"line":1,"column":0},"end":{"line":1,"column":19}}},"fnMap":{},"branchMap":{},"s":{"0":8},"f":{},"b":{},"_coverageSchema":"1a1c01bbd47fc00a2c39e90264f33305004495a9","hash":"16fdbdca84d34835b9840c789152402c3b439a91"}
,"/Users/dulajkavinda/Desktop/Projects/Personal/folio-ui/src/assets/icons/plus.svg": {"path":"/Users/dulajkavinda/Desktop/Projects/Personal/folio-ui/src/assets/icons/plus.svg","statementMap":{"0":{"start":{"line":1,"column":0},"end":{"line":1,"column":19}}},"fnMap":{},"branchMap":{},"s":{"0":8},"f":{},"b":{},"_coverageSchema":"1a1c01bbd47fc00a2c39e90264f33305004495a9","hash":"fdb58512580857deab94f91894319b828ee1882c"}
,"/Users/dulajkavinda/Desktop/Projects/Personal/folio-ui/src/assets/icons/projects.svg": {"path":"/Users/dulajkavinda/Desktop/Projects/Personal/folio-ui/src/assets/icons/projects.svg","statementMap":{"0":{"start":{"line":1,"column":0},"end":{"line":1,"column":19}}},"fnMap":{},"branchMap":{},"s":{"0":8},"f":{},"b":{},"_coverageSchema":"1a1c01bbd47fc00a2c39e90264f33305004495a9","hash":"2c5f263b8449c885037978fca00a01f9b0c5d192"}
,"/Users/dulajkavinda/Desktop/Projects/Personal/folio-ui/src/assets/icons/python.svg": {"path":"/Users/dulajkavinda/Desktop/Projects/Personal/folio-ui/src/assets/icons/python.svg","statementMap":{"0":{"start":{"line":1,"column":0},"end":{"line":1,"column":19}}},"fnMap":{},"branchMap":{},"s":{"0":8},"f":{},"b":{},"_coverageSchema":"1a1c01bbd47fc00a2c39e90264f33305004495a9","hash":"5980da79ce59ab5fc061c6fcf5d927404124ccbc"}
,"/Users/dulajkavinda/Desktop/Projects/Personal/folio-ui/src/assets/icons/react.svg": {"path":"/Users/dulajkavinda/Desktop/Projects/Personal/folio-ui/src/assets/icons/react.svg","statementMap":{"0":{"start":{"line":1,"column":0},"end":{"line":1,"column":19}}},"fnMap":{},"branchMap":{},"s":{"0":8},"f":{},"b":{},"_coverageSchema":"1a1c01bbd47fc00a2c39e90264f33305004495a9","hash":"fee3ecd476770f215d07965562cd44225c754f18"}
,"/Users/dulajkavinda/Desktop/Projects/Personal/folio-ui/src/assets/icons/read.svg": {"path":"/Users/dulajkavinda/Desktop/Projects/Personal/folio-ui/src/assets/icons/read.svg","statementMap":{"0":{"start":{"line":1,"column":0},"end":{"line":1,"column":19}}},"fnMap":{},"branchMap":{},"s":{"0":8},"f":{},"b":{},"_coverageSchema":"1a1c01bbd47fc00a2c39e90264f33305004495a9","hash":"268d4ee35f4170c744217616fa3d1bf20da5da54"}
,"/Users/dulajkavinda/Desktop/Projects/Personal/folio-ui/src/assets/icons/resume.svg": {"path":"/Users/dulajkavinda/Desktop/Projects/Personal/folio-ui/src/assets/icons/resume.svg","statementMap":{"0":{"start":{"line":1,"column":0},"end":{"line":1,"column":19}}},"fnMap":{},"branchMap":{},"s":{"0":8},"f":{},"b":{},"_coverageSchema":"1a1c01bbd47fc00a2c39e90264f33305004495a9","hash":"ba229f9ed6698b46d3cb06971f60c7093e2a3bf6"}
,"/Users/dulajkavinda/Desktop/Projects/Personal/folio-ui/src/assets/icons/rss.svg": {"path":"/Users/dulajkavinda/Desktop/Projects/Personal/folio-ui/src/assets/icons/rss.svg","statementMap":{"0":{"start":{"line":1,"column":0},"end":{"line":1,"column":19}}},"fnMap":{},"branchMap":{},"s":{"0":8},"f":{},"b":{},"_coverageSchema":"1a1c01bbd47fc00a2c39e90264f33305004495a9","hash":"cf090ec4a0a7750b1efe77468fbc3a3baaae1b39"}
,"/Users/dulajkavinda/Desktop/Projects/Personal/folio-ui/src/assets/icons/scss.svg": {"path":"/Users/dulajkavinda/Desktop/Projects/Personal/folio-ui/src/assets/icons/scss.svg","statementMap":{"0":{"start":{"line":1,"column":0},"end":{"line":1,"column":19}}},"fnMap":{},"branchMap":{},"s":{"0":8},"f":{},"b":{},"_coverageSchema":"1a1c01bbd47fc00a2c39e90264f33305004495a9","hash":"29de2971e12feca1477fe5266ba90f6c7e08b127"}
,"/Users/dulajkavinda/Desktop/Projects/Personal/folio-ui/src/assets/icons/search.svg": {"path":"/Users/dulajkavinda/Desktop/Projects/Personal/folio-ui/src/assets/icons/search.svg","statementMap":{"0":{"start":{"line":1,"column":0},"end":{"line":1,"column":19}}},"fnMap":{},"branchMap":{},"s":{"0":8},"f":{},"b":{},"_coverageSchema":"1a1c01bbd47fc00a2c39e90264f33305004495a9","hash":"129b3b044448a024b8ea6328a8d7c295f8a6dc58"}
,"/Users/dulajkavinda/Desktop/Projects/Personal/folio-ui/src/assets/icons/send.svg": {"path":"/Users/dulajkavinda/Desktop/Projects/Personal/folio-ui/src/assets/icons/send.svg","statementMap":{"0":{"start":{"line":1,"column":0},"end":{"line":1,"column":19}}},"fnMap":{},"branchMap":{},"s":{"0":8},"f":{},"b":{},"_coverageSchema":"1a1c01bbd47fc00a2c39e90264f33305004495a9","hash":"36597f762d883b7a88e41a03eced5b58bdf57d19"}
,"/Users/dulajkavinda/Desktop/Projects/Personal/folio-ui/src/assets/icons/source.svg": {"path":"/Users/dulajkavinda/Desktop/Projects/Personal/folio-ui/src/assets/icons/source.svg","statementMap":{"0":{"start":{"line":1,"column":0},"end":{"line":1,"column":19}}},"fnMap":{},"branchMap":{},"s":{"0":8},"f":{},"b":{},"_coverageSchema":"1a1c01bbd47fc00a2c39e90264f33305004495a9","hash":"b562a2df51856082828614270a8c3b55745d2941"}
,"/Users/dulajkavinda/Desktop/Projects/Personal/folio-ui/src/assets/icons/sunny.svg": {"path":"/Users/dulajkavinda/Desktop/Projects/Personal/folio-ui/src/assets/icons/sunny.svg","statementMap":{"0":{"start":{"line":1,"column":0},"end":{"line":1,"column":19}}},"fnMap":{},"branchMap":{},"s":{"0":8},"f":{},"b":{},"_coverageSchema":"1a1c01bbd47fc00a2c39e90264f33305004495a9","hash":"f07ebaa2048dddaec6e3be3634f1acab5cc652a3"}
,"/Users/dulajkavinda/Desktop/Projects/Personal/folio-ui/src/assets/icons/ts.svg": {"path":"/Users/dulajkavinda/Desktop/Projects/Personal/folio-ui/src/assets/icons/ts.svg","statementMap":{"0":{"start":{"line":1,"column":0},"end":{"line":1,"column":19}}},"fnMap":{},"branchMap":{},"s":{"0":8},"f":{},"b":{},"_coverageSchema":"1a1c01bbd47fc00a2c39e90264f33305004495a9","hash":"2ef2449f02fb5dda35a2175fd8cdbe89e55860d0"}
,"/Users/dulajkavinda/Desktop/Projects/Personal/folio-ui/src/assets/icons/twitter.svg": {"path":"/Users/dulajkavinda/Desktop/Projects/Personal/folio-ui/src/assets/icons/twitter.svg","statementMap":{"0":{"start":{"line":1,"column":0},"end":{"line":1,"column":19}}},"fnMap":{},"branchMap":{},"s":{"0":8},"f":{},"b":{},"_coverageSchema":"1a1c01bbd47fc00a2c39e90264f33305004495a9","hash":"eb31a9f67537d04030e1c4db8ac2f8cd7888981b"}
,"/Users/dulajkavinda/Desktop/Projects/Personal/folio-ui/src/assets/icons/uses.svg": {"path":"/Users/dulajkavinda/Desktop/Projects/Personal/folio-ui/src/assets/icons/uses.svg","statementMap":{"0":{"start":{"line":1,"column":0},"end":{"line":1,"column":19}}},"fnMap":{},"branchMap":{},"s":{"0":8},"f":{},"b":{},"_coverageSchema":"1a1c01bbd47fc00a2c39e90264f33305004495a9","hash":"7b87502ed369e26b5dd2c695c4bbb58ea4760560"}
,"/Users/dulajkavinda/Desktop/Projects/Personal/folio-ui/src/assets/icons/youtube.svg": {"path":"/Users/dulajkavinda/Desktop/Projects/Personal/folio-ui/src/assets/icons/youtube.svg","statementMap":{"0":{"start":{"line":1,"column":0},"end":{"line":1,"column":19}}},"fnMap":{},"branchMap":{},"s":{"0":8},"f":{},"b":{},"_coverageSchema":"1a1c01bbd47fc00a2c39e90264f33305004495a9","hash":"8a28e3e070544b075e8cffb93acad4418da3c438"}
,"/Users/dulajkavinda/Desktop/Projects/Personal/folio-ui/src/components/avatar/avatar.tsx": {"path":"/Users/dulajkavinda/Desktop/Projects/Personal/folio-ui/src/components/avatar/avatar.tsx","statementMap":{"0":{"start":{"line":1,"column":0},"end":{"line":1,"column":31}},"1":{"start":{"line":2,"column":0},"end":{"line":2,"column":41}},"2":{"start":{"line":30,"column":38},"end":{"line":45,"column":1}},"3":{"start":{"line":31,"column":55},"end":{"line":31,"column":60}},"4":{"start":{"line":33,"column":17},"end":{"line":37,"column":null}},"5":{"start":{"line":40,"column":2},"end":{"line":44,"column":4}},"6":{"start":{"line":47,"column":0},"end":{"line":52,"column":2}},"7":{"start":{"line":54,"column":0},"end":{"line":54,"column":22}}},"fnMap":{"0":{"name":"(anonymous_6)","decl":{"start":{"line":30,"column":38},"end":{"line":30,"column":39}},"loc":{"start":{"line":30,"column":48},"end":{"line":45,"column":1}}}},"branchMap":{},"s":{"0":1,"1":1,"2":1,"3":7,"4":7,"5":7,"6":1,"7":1},"f":{"0":7},"b":{}}
,"/Users/dulajkavinda/Desktop/Projects/Personal/folio-ui/src/components/blog/blog.tsx": {"path":"/Users/dulajkavinda/Desktop/Projects/Personal/folio-ui/src/components/blog/blog.tsx","statementMap":{"0":{"start":{"line":1,"column":0},"end":{"line":1,"column":26}},"1":{"start":{"line":2,"column":0},"end":{"line":2,"column":36}},"2":{"start":{"line":3,"column":0},"end":{"line":3,"column":37}},"3":{"start":{"line":4,"column":0},"end":{"line":4,"column":29}},"4":{"start":{"line":5,"column":0},"end":{"line":5,"column":31}},"5":{"start":{"line":6,"column":0},"end":{"line":6,"column":27}},"6":{"start":{"line":24,"column":45},"end":{"line":81,"column":1}},"7":{"start":{"line":36,"column":6},"end":{"line":36,"column":11}},"8":{"start":{"line":38,"column":17},"end":{"line":42,"column":null}},"9":{"start":{"line":45,"column":2},"end":{"line":80,"column":4}},"10":{"start":{"line":83,"column":0},"end":{"line":89,"column":2}},"11":{"start":{"line":91,"column":0},"end":{"line":91,"column":20}}},"fnMap":{"0":{"name":"(anonymous_1)","decl":{"start":{"line":24,"column":45},"end":{"line":24,"column":46}},"loc":{"start":{"line":24,"column":62},"end":{"line":81,"column":1}}}},"branchMap":{"0":{"loc":{"start":{"line":55,"column":11},"end":{"line":61,"column":null}},"type":"binary-expr","locations":[{"start":{"line":55,"column":11},"end":{"line":55,"column":34}},{"start":{"line":56,"column":12},"end":{"line":60,"column":null}}]},"1":{"loc":{"start":{"line":55,"column":11},"end":{"line":55,"column":30}},"type":"cond-expr","locations":[{"start":{"line":55,"column":22},"end":{"line":55,"column":24}},{"start":{"line":55,"column":11},"end":{"line":55,"column":30}}]},"2":{"loc":{"start":{"line":55,"column":11},"end":{"line":55,"column":24}},"type":"binary-expr","locations":[{"start":{"line":55,"column":11},"end":{"line":55,"column":24}},{"start":{"line":55,"column":11},"end":{"line":55,"column":24}}]},"3":{"loc":{"start":{"line":64,"column":11},"end":{"line":75,"column":null}},"type":"binary-expr","locations":[{"start":{"line":64,"column":11},"end":{"line":64,"column":27}},{"start":{"line":65,"column":12},"end":{"line":74,"column":null}}]},"4":{"loc":{"start":{"line":72,"column":15},"end":{"line":73,"column":null}},"type":"binary-expr","locations":[{"start":{"line":72,"column":15},"end":{"line":72,"column":34}},{"start":{"line":73,"column":16},"end":{"line":73,"column":73}}]},"5":{"loc":{"start":{"line":72,"column":15},"end":{"line":72,"column":28}},"type":"cond-expr","locations":[{"start":{"line":72,"column":20},"end":{"line":72,"column":22}},{"start":{"line":72,"column":15},"end":{"line":72,"column":28}}]},"6":{"loc":{"start":{"line":72,"column":15},"end":{"line":72,"column":22}},"type":"binary-expr","locations":[{"start":{"line":72,"column":15},"end":{"line":72,"column":22}},{"start":{"line":72,"column":15},"end":{"line":72,"column":22}}]},"7":{"loc":{"start":{"line":73,"column":58},"end":{"line":73,"column":69}},"type":"binary-expr","locations":[{"start":{"line":73,"column":58},"end":{"line":73,"column":63}},{"start":{"line":73,"column":67},"end":{"line":73,"column":69}}]}},"s":{"0":1,"1":1,"2":1,"3":1,"4":1,"5":1,"6":1,"7":10,"8":9,"9":9,"10":1,"11":1},"f":{"0":10},"b":{"0":[9,8],"1":[0,9],"2":[9,9],"3":[9,2],"4":[2,1],"5":[0,2],"6":[2,2],"7":[1,0]}}
,"/Users/dulajkavinda/Desktop/Projects/Personal/folio-ui/src/components/button/button.tsx": {"path":"/Users/dulajkavinda/Desktop/Projects/Personal/folio-ui/src/components/button/button.tsx","statementMap":{"0":{"start":{"line":1,"column":0},"end":{"line":1,"column":31}},"1":{"start":{"line":2,"column":0},"end":{"line":2,"column":41}},"2":{"start":{"line":18,"column":47},"end":{"line":60,"column":1}},"3":{"start":{"line":29,"column":6},"end":{"line":29,"column":11}},"4":{"start":{"line":31,"column":22},"end":{"line":34,"column":3}},"5":{"start":{"line":32,"column":4},"end":{"line":32,"column":25}},"6":{"start":{"line":32,"column":18},"end":{"line":32,"column":25}},"7":{"start":{"line":33,"column":4},"end":{"line":33,"column":22}},"8":{"start":{"line":36,"column":17},"end":{"line":43,"column":null}},"9":{"start":{"line":46,"column":2},"end":{"line":59,"column":4}},"10":{"start":{"line":62,"column":0},"end":{"line":71,"column":2}},"11":{"start":{"line":67,"column":17},"end":{"line":67,"column":21}},"12":{"start":{"line":73,"column":0},"end":{"line":73,"column":22}}},"fnMap":{"0":{"name":"(anonymous_6)","decl":{"start":{"line":18,"column":47},"end":{"line":18,"column":48}},"loc":{"start":{"line":18,"column":64},"end":{"line":60,"column":1}}},"1":{"name":"(anonymous_7)","decl":{"start":{"line":31,"column":22},"end":{"line":31,"column":23}},"loc":{"start":{"line":31,"column":46},"end":{"line":34,"column":3}}},"2":{"name":"(anonymous_8)","decl":{"start":{"line":67,"column":11},"end":{"line":67,"column":14}},"loc":{"start":{"line":67,"column":17},"end":{"line":67,"column":21}}}},"branchMap":{"0":{"loc":{"start":{"line":32,"column":4},"end":{"line":32,"column":25}},"type":"if","locations":[{"start":{"line":32,"column":4},"end":{"line":32,"column":25}}]},"1":{"loc":{"start":{"line":56,"column":7},"end":{"line":56,"column":63}},"type":"binary-expr","locations":[{"start":{"line":56,"column":7},"end":{"line":56,"column":11}},{"start":{"line":56,"column":15},"end":{"line":56,"column":63}}]}},"s":{"0":3,"1":3,"2":3,"3":21,"4":21,"5":1,"6":0,"7":1,"8":21,"9":21,"10":3,"11":0,"12":3},"f":{"0":21,"1":1,"2":0},"b":{"0":[0],"1":[21,3]}}
,"/Users/dulajkavinda/Desktop/Projects/Personal/folio-ui/src/components/button/index.ts": {"path":"/Users/dulajkavinda/Desktop/Projects/Personal/folio-ui/src/components/button/index.ts","statementMap":{"0":{"start":{"line":1,"column":0},"end":{"line":1,"column":30}},"1":{"start":{"line":3,"column":0},"end":{"line":3,"column":22}}},"fnMap":{},"branchMap":{},"s":{"0":2,"1":2},"f":{},"b":{}}
,"/Users/dulajkavinda/Desktop/Projects/Personal/folio-ui/src/components/contact/contact.tsx": {"path":"/Users/dulajkavinda/Desktop/Projects/Personal/folio-ui/src/components/contact/contact.tsx","statementMap":{"0":{"start":{"line":1,"column":0},"end":{"line":1,"column":31}},"1":{"start":{"line":2,"column":0},"end":{"line":2,"column":41}},"2":{"start":{"line":3,"column":0},"end":{"line":3,"column":58}},"3":{"start":{"line":18,"column":22},"end":{"line":36,"column":1}},"4":{"start":{"line":19,"column":2},"end":{"line":35,"column":5}},"5":{"start":{"line":20,"column":19},"end":{"line":22,"column":null}},"6":{"start":{"line":24,"column":4},"end":{"line":34,"column":6}},"7":{"start":{"line":38,"column":40},"end":{"line":56,"column":1}},"8":{"start":{"line":39,"column":54},"end":{"line":39,"column":59}},"9":{"start":{"line":41,"column":17},"end":{"line":44,"column":null}},"10":{"start":{"line":47,"column":2},"end":{"line":55,"column":4}},"11":{"start":{"line":58,"column":0},"end":{"line":62,"column":2}},"12":{"start":{"line":64,"column":0},"end":{"line":64,"column":23}}},"fnMap":{"0":{"name":"(anonymous_7)","decl":{"start":{"line":18,"column":22},"end":{"line":18,"column":23}},"loc":{"start":{"line":18,"column":72},"end":{"line":36,"column":1}}},"1":{"name":"(anonymous_8)","decl":{"start":{"line":19,"column":22},"end":{"line":19,"column":23}},"loc":{"start":{"line":19,"column":34},"end":{"line":35,"column":3}}},"2":{"name":"(anonymous_9)","decl":{"start":{"line":38,"column":40},"end":{"line":38,"column":41}},"loc":{"start":{"line":38,"column":50},"end":{"line":56,"column":1}}}},"branchMap":{"0":{"loc":{"start":{"line":18,"column":48},"end":{"line":18,"column":68}},"type":"default-arg","locations":[{"start":{"line":18,"column":65},"end":{"line":18,"column":68}}]}},"s":{"0":1,"1":1,"2":1,"3":1,"4":5,"5":10,"6":10,"7":1,"8":7,"9":5,"10":5,"11":1,"12":1},"f":{"0":5,"1":10,"2":7},"b":{"0":[0]}}
,"/Users/dulajkavinda/Desktop/Projects/Personal/folio-ui/src/components/dropdown/dropdown.tsx": {"path":"/Users/dulajkavinda/Desktop/Projects/Personal/folio-ui/src/components/dropdown/dropdown.tsx","statementMap":{"0":{"start":{"line":1,"column":0},"end":{"line":1,"column":40}},"1":{"start":{"line":2,"column":0},"end":{"line":2,"column":41}},"2":{"start":{"line":17,"column":42},"end":{"line":105,"column":1}},"3":{"start":{"line":18,"column":44},"end":{"line":18,"column":72}},"4":{"start":{"line":19,"column":43},"end":{"line":19,"column":78}},"5":{"start":{"line":21,"column":46},"end":{"line":21,"column":51}},"6":{"start":{"line":23,"column":17},"end":{"line":25,"column":null}},"7":{"start":{"line":28,"column":34},"end":{"line":43,"column":3}},"8":{"start":{"line":29,"column":4},"end":{"line":42,"column":null}},"9":{"start":{"line":30,"column":6},"end":{"line":30,"column":27}},"10":{"start":{"line":32,"column":23},"end":{"line":32,"column":34}},"11":{"start":{"line":33,"column":6},"end":{"line":41,"column":null}},"12":{"start":{"line":34,"column":22},"end":{"line":35,"column":null}},"13":{"start":{"line":35,"column":34},"end":{"line":35,"column":67}},"14":{"start":{"line":37,"column":8},"end":{"line":37,"column":34}},"15":{"start":{"line":38,"column":8},"end":{"line":38,"column":35}},"16":{"start":{"line":40,"column":8},"end":{"line":40,"column":33}},"17":{"start":{"line":45,"column":2},"end":{"line":104,"column":4}},"18":{"start":{"line":58,"column":25},"end":{"line":58,"column":54}},"19":{"start":{"line":59,"column":23},"end":{"line":59,"column":52}},"20":{"start":{"line":65,"column":8},"end":{"line":83,"column":null}},"21":{"start":{"line":70,"column":12},"end":{"line":72,"column":null}},"22":{"start":{"line":71,"column":14},"end":{"line":71,"column":32}},"23":{"start":{"line":74,"column":12},"end":{"line":74,"column":35}},"24":{"start":{"line":75,"column":12},"end":{"line":75,"column":33}},"25":{"start":{"line":92,"column":12},"end":{"line":94,"column":null}},"26":{"start":{"line":93,"column":14},"end":{"line":93,"column":26}},"27":{"start":{"line":96,"column":12},"end":{"line":96,"column":33}},"28":{"start":{"line":97,"column":12},"end":{"line":97,"column":35}},"29":{"start":{"line":107,"column":0},"end":{"line":107,"column":77}},"30":{"start":{"line":109,"column":0},"end":{"line":109,"column":24}}},"fnMap":{"0":{"name":"(anonymous_6)","decl":{"start":{"line":17,"column":42},"end":{"line":17,"column":43}},"loc":{"start":{"line":17,"column":52},"end":{"line":105,"column":1}}},"1":{"name":"(anonymous_7)","decl":{"start":{"line":28,"column":34},"end":{"line":28,"column":35}},"loc":{"start":{"line":28,"column":61},"end":{"line":43,"column":3}}},"2":{"name":"(anonymous_8)","decl":{"start":{"line":35,"column":10},"end":{"line":35,"column":11}},"loc":{"start":{"line":35,"column":34},"end":{"line":35,"column":67}}},"3":{"name":"(anonymous_9)","decl":{"start":{"line":58,"column":19},"end":{"line":58,"column":22}},"loc":{"start":{"line":58,"column":25},"end":{"line":58,"column":54}}},"4":{"name":"(anonymous_10)","decl":{"start":{"line":59,"column":17},"end":{"line":59,"column":20}},"loc":{"start":{"line":59,"column":23},"end":{"line":59,"column":52}}},"5":{"name":"(anonymous_11)","decl":{"start":{"line":63,"column":25},"end":{"line":63,"column":26}},"loc":{"start":{"line":65,"column":8},"end":{"line":83,"column":null}}},"6":{"name":"(anonymous_12)","decl":{"start":{"line":69,"column":19},"end":{"line":69,"column":22}},"loc":{"start":{"line":69,"column":24},"end":{"line":76,"column":11}}},"7":{"name":"(anonymous_13)","decl":{"start":{"line":91,"column":19},"end":{"line":91,"column":22}},"loc":{"start":{"line":91,"column":24},"end":{"line":98,"column":11}}},"8":{"name":"(anonymous_14)","decl":{"start":{"line":107,"column":33},"end":{"line":107,"column":36}},"loc":{"start":{"line":107,"column":38},"end":{"line":107,"column":41}}}},"branchMap":{"0":{"loc":{"start":{"line":29,"column":4},"end":{"line":42,"column":null}},"type":"if","locations":[{"start":{"line":29,"column":4},"end":{"line":42,"column":null}},{"start":{"line":31,"column":11},"end":{"line":42,"column":null}}]},"1":{"loc":{"start":{"line":33,"column":6},"end":{"line":41,"column":null}},"type":"if","locations":[{"start":{"line":33,"column":6},"end":{"line":41,"column":null}},{"start":{"line":39,"column":13},"end":{"line":41,"column":null}}]},"2":{"loc":{"start":{"line":50,"column":16},"end":{"line":50,"column":68}},"type":"cond-expr","locations":[{"start":{"line":50,"column":43},"end":{"line":50,"column":63}},{"start":{"line":50,"column":66},"end":{"line":50,"column":68}}]},"3":{"loc":{"start":{"line":61,"column":9},"end":{"line":61,"column":62}},"type":"cond-expr","locations":[{"start":{"line":61,"column":24},"end":{"line":61,"column":42}},{"start":{"line":61,"column":45},"end":{"line":61,"column":62}}]},"4":{"loc":{"start":{"line":70,"column":12},"end":{"line":72,"column":null}},"type":"if","locations":[{"start":{"line":70,"column":12},"end":{"line":72,"column":null}}]},"5":{"loc":{"start":{"line":86,"column":7},"end":{"line":101,"column":null}},"type":"binary-expr","locations":[{"start":{"line":86,"column":7},"end":{"line":86,"column":31}},{"start":{"line":87,"column":8},"end":{"line":100,"column":null}}]},"6":{"loc":{"start":{"line":92,"column":12},"end":{"line":94,"column":null}},"type":"if","locations":[{"start":{"line":92,"column":12},"end":{"line":94,"column":null}}]}},"s":{"0":1,"1":1,"2":1,"3":20,"4":19,"5":19,"6":19,"7":19,"8":8,"9":0,"10":8,"11":8,"12":3,"13":3,"14":3,"15":3,"16":5,"17":19,"18":0,"19":8,"20":21,"21":3,"22":3,"23":3,"24":3,"25":2,"26":2,"27":2,"28":2,"29":1,"30":1},"f":{"0":20,"1":8,"2":3,"3":0,"4":8,"5":21,"6":3,"7":2,"8":5},"b":{"0":[0,8],"1":[3,5],"2":[8,11],"3":[6,13],"4":[3],"5":[19,8],"6":[2]}}
,"/Users/dulajkavinda/Desktop/Projects/Personal/folio-ui/src/components/experience/experience.tsx": {"path":"/Users/dulajkavinda/Desktop/Projects/Personal/folio-ui/src/components/experience/experience.tsx","statementMap":{"0":{"start":{"line":1,"column":0},"end":{"line":1,"column":38}},"1":{"start":{"line":2,"column":0},"end":{"line":2,"column":36}},"2":{"start":{"line":3,"column":0},"end":{"line":3,"column":48}},"3":{"start":{"line":4,"column":0},"end":{"line":4,"column":46}},"4":{"start":{"line":5,"column":0},"end":{"line":5,"column":52}},"5":{"start":{"line":6,"column":0},"end":{"line":6,"column":55}},"6":{"start":{"line":35,"column":46},"end":{"line":131,"column":1}},"7":{"start":{"line":36,"column":15},"end":{"line":36,"column":30}},"8":{"start":{"line":48,"column":6},"end":{"line":48,"column":11}},"9":{"start":{"line":50,"column":17},"end":{"line":50,"column":47}},"10":{"start":{"line":52,"column":17},"end":{"line":52,"column":58}},"11":{"start":{"line":54,"column":17},"end":{"line":54,"column":40}},"12":{"start":{"line":56,"column":29},"end":{"line":69,"column":3}},"13":{"start":{"line":57,"column":4},"end":{"line":68,"column":7}},"14":{"start":{"line":58,"column":6},"end":{"line":67,"column":8}},"15":{"start":{"line":71,"column":2},"end":{"line":130,"column":4}},"16":{"start":{"line":133,"column":0},"end":{"line":136,"column":2}},"17":{"start":{"line":138,"column":0},"end":{"line":138,"column":26}}},"fnMap":{"0":{"name":"(anonymous_7)","decl":{"start":{"line":35,"column":46},"end":{"line":35,"column":47}},"loc":{"start":{"line":35,"column":56},"end":{"line":131,"column":1}}},"1":{"name":"(anonymous_8)","decl":{"start":{"line":56,"column":29},"end":{"line":56,"column":30}},"loc":{"start":{"line":56,"column":71},"end":{"line":69,"column":3}}},"2":{"name":"(anonymous_9)","decl":{"start":{"line":57,"column":33},"end":{"line":57,"column":34}},"loc":{"start":{"line":57,"column":66},"end":{"line":68,"column":5}}}},"branchMap":{"0":{"loc":{"start":{"line":65,"column":11},"end":{"line":65,"column":79}},"type":"binary-expr","locations":[{"start":{"line":65,"column":11},"end":{"line":65,"column":37}},{"start":{"line":65,"column":41},"end":{"line":65,"column":79}}]},"1":{"loc":{"start":{"line":83,"column":16},"end":{"line":85,"column":55}},"type":"cond-expr","locations":[{"start":{"line":84,"column":20},"end":{"line":84,"column":45}},{"start":{"line":85,"column":20},"end":{"line":85,"column":55}}]},"2":{"loc":{"start":{"line":88,"column":15},"end":{"line":88,"column":62}},"type":"binary-expr","locations":[{"start":{"line":88,"column":15},"end":{"line":88,"column":21}},{"start":{"line":88,"column":25},"end":{"line":88,"column":62}}]},"3":{"loc":{"start":{"line":97,"column":19},"end":{"line":107,"column":null}},"type":"cond-expr","locations":[{"start":{"line":98,"column":20},"end":{"line":104,"column":null}},{"start":{"line":107,"column":20},"end":{"line":107,"column":27}}]},"4":{"loc":{"start":{"line":117,"column":11},"end":{"line":125,"column":null}},"type":"binary-expr","locations":[{"start":{"line":117,"column":11},"end":{"line":117,"column":37}},{"start":{"line":118,"column":12},"end":{"line":124,"column":null}}]}},"s":{"0":1,"1":1,"2":1,"3":1,"4":1,"5":1,"6":1,"7":9,"8":9,"9":9,"10":9,"11":9,"12":9,"13":9,"14":45,"15":9,"16":1,"17":1},"f":{"0":9,"1":9,"2":45},"b":{"0":[45,45],"1":[4,5],"2":[9,4],"3":[5,4],"4":[9,9]}}
,"/Users/dulajkavinda/Desktop/Projects/Personal/folio-ui/src/components/icon/icon.tsx": {"path":"/Users/dulajkavinda/Desktop/Projects/Personal/folio-ui/src/components/icon/icon.tsx","statementMap":{"0":{"start":{"line":1,"column":0},"end":{"line":1,"column":31}},"1":{"start":{"line":2,"column":0},"end":{"line":2,"column":41}},"2":{"start":{"line":4,"column":0},"end":{"line":4,"column":53}},"3":{"start":{"line":5,"column":0},"end":{"line":5,"column":51}},"4":{"start":{"line":6,"column":0},"end":{"line":6,"column":47}},"5":{"start":{"line":7,"column":0},"end":{"line":7,"column":55}},"6":{"start":{"line":8,"column":0},"end":{"line":8,"column":49}},"7":{"start":{"line":9,"column":0},"end":{"line":9,"column":47}},"8":{"start":{"line":10,"column":0},"end":{"line":10,"column":47}},"9":{"start":{"line":11,"column":0},"end":{"line":11,"column":51}},"10":{"start":{"line":12,"column":0},"end":{"line":12,"column":49}},"11":{"start":{"line":13,"column":0},"end":{"line":13,"column":45}},"12":{"start":{"line":14,"column":0},"end":{"line":14,"column":51}},"13":{"start":{"line":15,"column":0},"end":{"line":15,"column":55}},"14":{"start":{"line":16,"column":0},"end":{"line":16,"column":47}},"15":{"start":{"line":17,"column":0},"end":{"line":17,"column":51}},"16":{"start":{"line":18,"column":0},"end":{"line":18,"column":53}},"17":{"start":{"line":19,"column":0},"end":{"line":19,"column":51}},"18":{"start":{"line":20,"column":0},"end":{"line":20,"column":45}},"19":{"start":{"line":21,"column":0},"end":{"line":21,"column":47}},"20":{"start":{"line":22,"column":0},"end":{"line":22,"column":53}},"21":{"start":{"line":23,"column":0},"end":{"line":23,"column":57}},"22":{"start":{"line":24,"column":0},"end":{"line":24,"column":57}},"23":{"start":{"line":25,"column":0},"end":{"line":25,"column":49}},"24":{"start":{"line":26,"column":0},"end":{"line":26,"column":53}},"25":{"start":{"line":27,"column":0},"end":{"line":27,"column":47}},"26":{"start":{"line":28,"column":0},"end":{"line":28,"column":47}},"27":{"start":{"line":29,"column":0},"end":{"line":29,"column":60}},"28":{"start":{"line":30,"column":0},"end":{"line":30,"column":56}},"29":{"start":{"line":31,"column":0},"end":{"line":31,"column":62}},"30":{"start":{"line":32,"column":0},"end":{"line":32,"column":60}},"31":{"start":{"line":33,"column":0},"end":{"line":33,"column":64}},"32":{"start":{"line":34,"column":0},"end":{"line":34,"column":64}},"33":{"start":{"line":35,"column":0},"end":{"line":35,"column":47}},"34":{"start":{"line":36,"column":0},"end":{"line":36,"column":53}},"35":{"start":{"line":37,"column":0},"end":{"line":37,"column":47}},"36":{"start":{"line":38,"column":0},"end":{"line":38,"column":51}},"37":{"start":{"line":39,"column":0},"end":{"line":39,"column":51}},"38":{"start":{"line":40,"column":0},"end":{"line":40,"column":51}},"39":{"start":{"line":41,"column":0},"end":{"line":41,"column":51}},"40":{"start":{"line":42,"column":0},"end":{"line":42,"column":49}},"41":{"start":{"line":43,"column":0},"end":{"line":43,"column":49}},"42":{"start":{"line":44,"column":0},"end":{"line":44,"column":47}},"43":{"start":{"line":45,"column":0},"end":{"line":45,"column":45}},"44":{"start":{"line":46,"column":0},"end":{"line":46,"column":43}},"45":{"start":{"line":47,"column":0},"end":{"line":47,"column":43}},"46":{"start":{"line":48,"column":0},"end":{"line":48,"column":51}},"47":{"start":{"line":49,"column":0},"end":{"line":49,"column":47}},"48":{"start":{"line":50,"column":0},"end":{"line":50,"column":49}},"49":{"start":{"line":51,"column":0},"end":{"line":51,"column":57}},"50":{"start":{"line":52,"column":0},"end":{"line":52,"column":55}},"51":{"start":{"line":53,"column":0},"end":{"line":53,"column":53}},"52":{"start":{"line":135,"column":15},"end":{"line":186,"column":2}},"53":{"start":{"line":188,"column":30},"end":{"line":209,"column":1}},"54":{"start":{"line":189,"column":59},"end":{"line":189,"column":64}},"55":{"start":{"line":191,"column":17},"end":{"line":195,"column":null}},"56":{"start":{"line":198,"column":16},"end":{"line":198,"column":30}},"57":{"start":{"line":200,"column":2},"end":{"line":208,"column":4}},"58":{"start":{"line":211,"column":0},"end":{"line":216,"column":2}},"59":{"start":{"line":218,"column":0},"end":{"line":218,"column":20}}},"fnMap":{"0":{"name":"(anonymous_7)","decl":{"start":{"line":188,"column":30},"end":{"line":188,"column":31}},"loc":{"start":{"line":188,"column":40},"end":{"line":209,"column":1}}}},"branchMap":{},"s":{"0":8,"1":8,"2":8,"3":8,"4":8,"5":8,"6":8,"7":8,"8":8,"9":8,"10":8,"11":8,"12":8,"13":8,"14":8,"15":8,"16":8,"17":8,"18":8,"19":8,"20":8,"21":8,"22":8,"23":8,"24":8,"25":8,"26":8,"27":8,"28":8,"29":8,"30":8,"31":8,"32":8,"33":8,"34":8,"35":8,"36":8,"37":8,"38":8,"39":8,"40":8,"41":8,"42":8,"43":8,"44":8,"45":8,"46":8,"47":8,"48":8,"49":8,"50":8,"51":8,"52":8,"53":8,"54":84,"55":84,"56":84,"57":84,"58":8,"59":8},"f":{"0":84},"b":{}}
,"/Users/dulajkavinda/Desktop/Projects/Personal/folio-ui/src/components/icon/index.ts": {"path":"/Users/dulajkavinda/Desktop/Projects/Personal/folio-ui/src/components/icon/index.ts","statementMap":{"0":{"start":{"line":1,"column":0},"end":{"line":1,"column":26}},"1":{"start":{"line":3,"column":0},"end":{"line":3,"column":20}}},"fnMap":{},"branchMap":{},"s":{"0":4,"1":4},"f":{},"b":{}}
,"/Users/dulajkavinda/Desktop/Projects/Personal/folio-ui/src/components/label/index.ts": {"path":"/Users/dulajkavinda/Desktop/Projects/Personal/folio-ui/src/components/label/index.ts","statementMap":{"0":{"start":{"line":1,"column":0},"end":{"line":1,"column":28}},"1":{"start":{"line":3,"column":0},"end":{"line":3,"column":21}}},"fnMap":{},"branchMap":{},"s":{"0":1,"1":1},"f":{},"b":{}}
,"/Users/dulajkavinda/Desktop/Projects/Personal/folio-ui/src/components/label/label.tsx": {"path":"/Users/dulajkavinda/Desktop/Projects/Personal/folio-ui/src/components/label/label.tsx","statementMap":{"0":{"start":{"line":1,"column":0},"end":{"line":1,"column":26}},"1":{"start":{"line":2,"column":0},"end":{"line":2,"column":41}},"2":{"start":{"line":13,"column":36},"end":{"line":32,"column":1}},"3":{"start":{"line":14,"column":61},"end":{"line":14,"column":66}},"4":{"start":{"line":16,"column":17},"end":{"line":20,"column":null}},"5":{"start":{"line":23,"column":2},"end":{"line":31,"column":4}},"6":{"start":{"line":34,"column":0},"end":{"line":39,"column":2}},"7":{"start":{"line":41,"column":0},"end":{"line":41,"column":21}}},"fnMap":{"0":{"name":"(anonymous_7)","decl":{"start":{"line":13,"column":36},"end":{"line":13,"column":37}},"loc":{"start":{"line":13,"column":46},"end":{"line":32,"column":1}}}},"branchMap":{},"s":{"0":2,"1":2,"2":2,"3":17,"4":17,"5":17,"6":2,"7":2},"f":{"0":17},"b":{}}
,"/Users/dulajkavinda/Desktop/Projects/Personal/folio-ui/src/components/modal/modal.tsx": {"path":"/Users/dulajkavinda/Desktop/Projects/Personal/folio-ui/src/components/modal/modal.tsx","statementMap":{"0":{"start":{"line":1,"column":0},"end":{"line":1,"column":26}},"1":{"start":{"line":2,"column":0},"end":{"line":2,"column":36}},"2":{"start":{"line":4,"column":0},"end":{"line":4,"column":31}},"3":{"start":{"line":5,"column":0},"end":{"line":5,"column":27}},"4":{"start":{"line":18,"column":36},"end":{"line":71,"column":1}},"5":{"start":{"line":28,"column":6},"end":{"line":28,"column":11}},"6":{"start":{"line":30,"column":17},"end":{"line":33,"column":null}},"7":{"start":{"line":35,"column":2},"end":{"line":70,"column":4}},"8":{"start":{"line":41,"column":37},"end":{"line":41,"column":46}},"9":{"start":{"line":41,"column":55},"end":{"line":41,"column":59}},"10":{"start":{"line":63,"column":35},"end":{"line":63,"column":44}},"11":{"start":{"line":73,"column":0},"end":{"line":81,"column":2}},"12":{"start":{"line":83,"column":0},"end":{"line":83,"column":21}}},"fnMap":{"0":{"name":"(anonymous_1)","decl":{"start":{"line":18,"column":36},"end":{"line":18,"column":37}},"loc":{"start":{"line":18,"column":46},"end":{"line":71,"column":1}}},"1":{"name":"(anonymous_2)","decl":{"start":{"line":41,"column":31},"end":{"line":41,"column":34}},"loc":{"start":{"line":41,"column":37},"end":{"line":41,"column":46}}},"2":{"name":"(anonymous_3)","decl":{"start":{"line":41,"column":49},"end":{"line":41,"column":52}},"loc":{"start":{"line":41,"column":55},"end":{"line":41,"column":59}}},"3":{"name":"(anonymous_4)","decl":{"start":{"line":63,"column":29},"end":{"line":63,"column":32}},"loc":{"start":{"line":63,"column":35},"end":{"line":63,"column":44}}},"4":{"name":"(anonymous_5)","decl":{"start":{"line":75,"column":11},"end":{"line":75,"column":14}},"loc":{"start":{"line":75,"column":16},"end":{"line":75,"column":19}}}},"branchMap":{"0":{"loc":{"start":{"line":41,"column":21},"end":{"line":41,"column":59}},"type":"cond-expr","locations":[{"start":{"line":41,"column":31},"end":{"line":41,"column":46}},{"start":{"line":41,"column":49},"end":{"line":41,"column":59}}]},"1":{"loc":{"start":{"line":61,"column":9},"end":{"line":66,"column":null}},"type":"binary-expr","locations":[{"start":{"line":61,"column":9},"end":{"line":61,"column":16}},{"start":{"line":61,"column":20},"end":{"line":61,"column":35}},{"start":{"line":62,"column":10},"end":{"line":65,"column":null}}]}},"s":{"0":1,"1":1,"2":1,"3":1,"4":1,"5":5,"6":5,"7":5,"8":0,"9":0,"10":0,"11":1,"12":1},"f":{"0":5,"1":0,"2":0,"3":0,"4":0},"b":{"0":[5,0],"1":[5,5,5]}}
,"/Users/dulajkavinda/Desktop/Projects/Personal/folio-ui/src/components/search/search.tsx": {"path":"/Users/dulajkavinda/Desktop/Projects/Personal/folio-ui/src/components/search/search.tsx","statementMap":{"0":{"start":{"line":1,"column":0},"end":{"line":1,"column":51}},"1":{"start":{"line":2,"column":0},"end":{"line":2,"column":36}},"2":{"start":{"line":3,"column":0},"end":{"line":3,"column":27}},"3":{"start":{"line":13,"column":20},"end":{"line":22,"column":1}},"4":{"start":{"line":14,"column":2},"end":{"line":21,"column":null}},"5":{"start":{"line":16,"column":6},"end":{"line":16,"column":17}},"6":{"start":{"line":18,"column":6},"end":{"line":18,"column":17}},"7":{"start":{"line":20,"column":6},"end":{"line":20,"column":17}},"8":{"start":{"line":24,"column":38},"end":{"line":71,"column":1}},"9":{"start":{"line":25,"column":54},"end":{"line":25,"column":59}},"10":{"start":{"line":27,"column":23},"end":{"line":35,"column":3}},"11":{"start":{"line":30,"column":32},"end":{"line":30,"column":44}},"12":{"start":{"line":32,"column":4},"end":{"line":34,"column":null}},"13":{"start":{"line":33,"column":6},"end":{"line":33,"column":46}},"14":{"start":{"line":37,"column":32},"end":{"line":37,"column":47}},"15":{"start":{"line":38,"column":18},"end":{"line":38,"column":40}},"16":{"start":{"line":38,"column":24},"end":{"line":38,"column":40}},"17":{"start":{"line":39,"column":17},"end":{"line":39,"column":40}},"18":{"start":{"line":39,"column":23},"end":{"line":39,"column":40}},"19":{"start":{"line":41,"column":17},"end":{"line":45,"column":null}},"20":{"start":{"line":48,"column":2},"end":{"line":50,"column":16}},"21":{"start":{"line":49,"column":4},"end":{"line":49,"column":24}},"22":{"start":{"line":52,"column":2},"end":{"line":70,"column":4}},"23":{"start":{"line":73,"column":0},"end":{"line":78,"column":2}},"24":{"start":{"line":80,"column":0},"end":{"line":80,"column":22}}},"fnMap":{"0":{"name":"(anonymous_7)","decl":{"start":{"line":13,"column":20},"end":{"line":13,"column":21}},"loc":{"start":{"line":13,"column":60},"end":{"line":22,"column":1}}},"1":{"name":"(anonymous_8)","decl":{"start":{"line":24,"column":38},"end":{"line":24,"column":39}},"loc":{"start":{"line":24,"column":48},"end":{"line":71,"column":1}}},"2":{"name":"(anonymous_9)","decl":{"start":{"line":27,"column":23},"end":{"line":27,"column":null}},"loc":{"start":{"line":29,"column":6},"end":{"line":35,"column":3}}},"3":{"name":"(anonymous_10)","decl":{"start":{"line":38,"column":18},"end":{"line":38,"column":21}},"loc":{"start":{"line":38,"column":24},"end":{"line":38,"column":40}}},"4":{"name":"(anonymous_11)","decl":{"start":{"line":39,"column":17},"end":{"line":39,"column":20}},"loc":{"start":{"line":39,"column":23},"end":{"line":39,"column":40}}},"5":{"name":"(anonymous_12)","decl":{"start":{"line":48,"column":12},"end":{"line":48,"column":15}},"loc":{"start":{"line":48,"column":17},"end":{"line":50,"column":3}}},"6":{"name":"(anonymous_13)","decl":{"start":{"line":75,"column":12},"end":{"line":75,"column":15}},"loc":{"start":{"line":75,"column":17},"end":{"line":75,"column":20}}}},"branchMap":{"0":{"loc":{"start":{"line":14,"column":2},"end":{"line":21,"column":null}},"type":"switch","locations":[{"start":{"line":15,"column":4},"end":{"line":16,"column":17}},{"start":{"line":17,"column":4},"end":{"line":18,"column":17}},{"start":{"line":19,"column":4},"end":{"line":20,"column":17}}]},"1":{"loc":{"start":{"line":32,"column":4},"end":{"line":34,"column":null}},"type":"if","locations":[{"start":{"line":32,"column":4},"end":{"line":34,"column":null}}]},"2":{"loc":{"start":{"line":45,"column":4},"end":{"line":45,"column":37}},"type":"binary-expr","locations":[{"start":{"line":45,"column":4},"end":{"line":45,"column":11}},{"start":{"line":45,"column":15},"end":{"line":45,"column":37}}]}},"s":{"0":1,"1":1,"2":1,"3":1,"4":2,"5":1,"6":1,"7":0,"8":1,"9":2,"10":2,"11":0,"12":0,"13":0,"14":2,"15":2,"16":0,"17":2,"18":0,"19":2,"20":2,"21":1,"22":2,"23":1,"24":1},"f":{"0":2,"1":2,"2":0,"3":0,"4":0,"5":1,"6":0},"b":{"0":[1,1,0],"1":[0],"2":[2,0]}}
,"/Users/dulajkavinda/Desktop/Projects/Personal/folio-ui/src/components/techstack/index.ts": {"path":"/Users/dulajkavinda/Desktop/Projects/Personal/folio-ui/src/components/techstack/index.ts","statementMap":{"0":{"start":{"line":1,"column":0},"end":{"line":1,"column":36}},"1":{"start":{"line":3,"column":0},"end":{"line":3,"column":25}}},"fnMap":{},"branchMap":{},"s":{"0":1,"1":1},"f":{},"b":{}}
,"/Users/dulajkavinda/Desktop/Projects/Personal/folio-ui/src/components/techstack/techstack.tsx": {"path":"/Users/dulajkavinda/Desktop/Projects/Personal/folio-ui/src/components/techstack/techstack.tsx","statementMap":{"0":{"start":{"line":1,"column":0},"end":{"line":1,"column":26}},"1":{"start":{"line":2,"column":0},"end":{"line":2,"column":41}},"2":{"start":{"line":3,"column":0},"end":{"line":3,"column":58}},"3":{"start":{"line":18,"column":20},"end":{"line":29,"column":1}},"4":{"start":{"line":19,"column":2},"end":{"line":28,"column":null}},"5":{"start":{"line":21,"column":6},"end":{"line":21,"column":17}},"6":{"start":{"line":23,"column":6},"end":{"line":23,"column":17}},"7":{"start":{"line":25,"column":6},"end":{"line":25,"column":17}},"8":{"start":{"line":27,"column":6},"end":{"line":27,"column":17}},"9":{"start":{"line":31,"column":20},"end":{"line":52,"column":1}},"10":{"start":{"line":36,"column":2},"end":{"line":51,"column":5}},"11":{"start":{"line":37,"column":4},"end":{"line":49,"column":null}},"12":{"start":{"line":54,"column":44},"end":{"line":71,"column":1}},"13":{"start":{"line":55,"column":66},"end":{"line":55,"column":71}},"14":{"start":{"line":56,"column":17},"end":{"line":60,"column":null}},"15":{"start":{"line":62,"column":2},"end":{"line":70,"column":4}},"16":{"start":{"line":73,"column":0},"end":{"line":78,"column":2}},"17":{"start":{"line":80,"column":0},"end":{"line":80,"column":25}}},"fnMap":{"0":{"name":"(anonymous_7)","decl":{"start":{"line":18,"column":20},"end":{"line":18,"column":21}},"loc":{"start":{"line":18,"column":54},"end":{"line":29,"column":1}}},"1":{"name":"(anonymous_8)","decl":{"start":{"line":31,"column":20},"end":{"line":31,"column":null}},"loc":{"start":{"line":35,"column":4},"end":{"line":52,"column":1}}},"2":{"name":"(anonymous_9)","decl":{"start":{"line":36,"column":19},"end":{"line":36,"column":20}},"loc":{"start":{"line":37,"column":4},"end":{"line":49,"column":null}}},"3":{"name":"(anonymous_10)","decl":{"start":{"line":54,"column":44},"end":{"line":54,"column":45}},"loc":{"start":{"line":54,"column":54},"end":{"line":71,"column":1}}}},"branchMap":{"0":{"loc":{"start":{"line":19,"column":2},"end":{"line":28,"column":null}},"type":"switch","locations":[{"start":{"line":20,"column":4},"end":{"line":21,"column":17}},{"start":{"line":22,"column":4},"end":{"line":23,"column":17}},{"start":{"line":24,"column":4},"end":{"line":25,"column":17}},{"start":{"line":26,"column":4},"end":{"line":27,"column":17}}]},"1":{"loc":{"start":{"line":44,"column":41},"end":{"line":44,"column":64}},"type":"cond-expr","locations":[{"start":{"line":44,"column":48},"end":{"line":44,"column":50}},{"start":{"line":44,"column":41},"end":{"line":44,"column":64}}]},"2":{"loc":{"start":{"line":44,"column":41},"end":{"line":44,"column":50}},"type":"binary-expr","locations":[{"start":{"line":44,"column":41},"end":{"line":44,"column":50}},{"start":{"line":44,"column":41},"end":{"line":44,"column":50}}]}},"s":{"0":2,"1":2,"2":2,"3":2,"4":12,"5":0,"6":10,"7":2,"8":0,"9":2,"10":6,"11":12,"12":2,"13":6,"14":6,"15":6,"16":2,"17":2},"f":{"0":12,"1":6,"2":12,"3":6},"b":{"0":[0,10,2,0],"1":[0,12],"2":[12,12]}}
,"/Users/dulajkavinda/Desktop/Projects/Personal/folio-ui/src/components/types/window-size.ts": {"path":"/Users/dulajkavinda/Desktop/Projects/Personal/folio-ui/src/components/types/window-size.ts","statementMap":{"0":{"start":{"line":1,"column":15},"end":{"line":1,"column":23}},"1":{"start":{"line":2,"column":14},"end":{"line":2,"column":21}},"2":{"start":{"line":3,"column":15},"end":{"line":3,"column":23}},"3":{"start":{"line":5,"column":0},"end":{"line":5,"column":41}}},"fnMap":{},"branchMap":{},"s":{"0":1,"1":1,"2":1,"3":1},"f":{},"b":{}}
,"/Users/dulajkavinda/Desktop/Projects/Personal/folio-ui/src/lib/useImageLoader.tsx": {"path":"/Users/dulajkavinda/Desktop/Projects/Personal/folio-ui/src/lib/useImageLoader.tsx","statementMap":{"0":{"start":{"line":1,"column":0},"end":{"line":1,"column":55}},"1":{"start":{"line":3,"column":24},"end":{"line":33,"column":1}},"2":{"start":{"line":4,"column":30},"end":{"line":4,"column":45}},"3":{"start":{"line":6,"column":2},"end":{"line":30,"column":12}},"4":{"start":{"line":7,"column":25},"end":{"line":11,"column":5}},"5":{"start":{"line":8,"column":6},"end":{"line":10,"column":8}},"6":{"start":{"line":9,"column":30},"end":{"line":9,"column":44}},"7":{"start":{"line":9,"column":62},"end":{"line":9,"column":75}},"8":{"start":{"line":13,"column":4},"end":{"line":13,"column":30}},"9":{"start":{"line":13,"column":23},"end":{"line":13,"column":30}},"10":{"start":{"line":15,"column":25},"end":{"line":15,"column":72}},"11":{"start":{"line":17,"column":4},"end":{"line":20,"column":null}},"12":{"start":{"line":18,"column":6},"end":{"line":18,"column":22}},"13":{"start":{"line":19,"column":6},"end":{"line":19,"column":13}},"14":{"start":{"line":22,"column":4},"end":{"line":29,"column":7}},"15":{"start":{"line":23,"column":6},"end":{"line":25,"column":9}},"16":{"start":{"line":23,"column":43},"end":{"line":23,"column":69}},"17":{"start":{"line":26,"column":6},"end":{"line":28,"column":9}},"18":{"start":{"line":26,"column":44},"end":{"line":26,"column":70}},"19":{"start":{"line":32,"column":2},"end":{"line":32,"column":16}},"20":{"start":{"line":35,"column":0},"end":{"line":35,"column":31}}},"fnMap":{"0":{"name":"(anonymous_0)","decl":{"start":{"line":3,"column":24},"end":{"line":3,"column":25}},"loc":{"start":{"line":3,"column":56},"end":{"line":33,"column":1}}},"1":{"name":"(anonymous_1)","decl":{"start":{"line":6,"column":12},"end":{"line":6,"column":15}},"loc":{"start":{"line":6,"column":17},"end":{"line":30,"column":3}}},"2":{"name":"(anonymous_2)","decl":{"start":{"line":7,"column":25},"end":{"line":7,"column":26}},"loc":{"start":{"line":7,"column":56},"end":{"line":11,"column":5}}},"3":{"name":"(anonymous_3)","decl":{"start":{"line":9,"column":19},"end":{"line":9,"column":20}},"loc":{"start":{"line":9,"column":30},"end":{"line":9,"column":44}}},"4":{"name":"(anonymous_4)","decl":{"start":{"line":9,"column":52},"end":{"line":9,"column":53}},"loc":{"start":{"line":9,"column":62},"end":{"line":9,"column":75}}},"5":{"name":"(anonymous_5)","decl":{"start":{"line":22,"column":25},"end":{"line":22,"column":26}},"loc":{"start":{"line":22,"column":35},"end":{"line":29,"column":5}}},"6":{"name":"(anonymous_6)","decl":{"start":{"line":23,"column":37},"end":{"line":23,"column":40}},"loc":{"start":{"line":23,"column":43},"end":{"line":23,"column":69}}},"7":{"name":"(anonymous_7)","decl":{"start":{"line":26,"column":38},"end":{"line":26,"column":41}},"loc":{"start":{"line":26,"column":44},"end":{"line":26,"column":70}}}},"branchMap":{"0":{"loc":{"start":{"line":13,"column":4},"end":{"line":13,"column":30}},"type":"if","locations":[{"start":{"line":13,"column":4},"end":{"line":13,"column":30}}]},"1":{"loc":{"start":{"line":13,"column":9},"end":{"line":13,"column":21}},"type":"cond-expr","locations":[{"start":{"line":13,"column":12},"end":{"line":13,"column":14}},{"start":{"line":13,"column":9},"end":{"line":13,"column":21}}]},"2":{"loc":{"start":{"line":13,"column":9},"end":{"line":13,"column":14}},"type":"binary-expr","locations":[{"start":{"line":13,"column":9},"end":{"line":13,"column":14}},{"start":{"line":13,"column":9},"end":{"line":13,"column":14}}]},"3":{"loc":{"start":{"line":17,"column":4},"end":{"line":20,"column":null}},"type":"if","locations":[{"start":{"line":17,"column":4},"end":{"line":20,"column":null}}]}},"s":{"0":1,"1":1,"2":9,"3":9,"4":4,"5":0,"6":0,"7":0,"8":4,"9":0,"10":4,"11":4,"12":4,"13":4,"14":0,"15":0,"16":0,"17":0,"18":0,"19":9,"20":1},"f":{"0":9,"1":4,"2":0,"3":0,"4":0,"5":0,"6":0,"7":0},"b":{"0":[0],"1":[0,4],"2":[4,4],"3":[4]}}
,"/Users/dulajkavinda/Desktop/Projects/Personal/folio-ui/src/lib/useWindowSize.ts": {"path":"/Users/dulajkavinda/Desktop/Projects/Personal/folio-ui/src/lib/useWindowSize.ts","statementMap":{"0":{"start":{"line":1,"column":0},"end":{"line":1,"column":44}},"1":{"start":{"line":9,"column":38},"end":{"line":12,"column":4}},"2":{"start":{"line":13,"column":2},"end":{"line":23,"column":9}},"3":{"start":{"line":15,"column":6},"end":{"line":18,"column":9}},"4":{"start":{"line":20,"column":4},"end":{"line":20,"column":52}},"5":{"start":{"line":21,"column":4},"end":{"line":21,"column":19}},"6":{"start":{"line":22,"column":4},"end":{"line":22,"column":68}},"7":{"start":{"line":22,"column":17},"end":{"line":22,"column":67}},"8":{"start":{"line":25,"column":2},"end":{"line":27,"column":null}},"9":{"start":{"line":26,"column":4},"end":{"line":26,"column":20}},"10":{"start":{"line":29,"column":2},"end":{"line":31,"column":null}},"11":{"start":{"line":30,"column":4},"end":{"line":30,"column":20}},"12":{"start":{"line":33,"column":2},"end":{"line":33,"column":19}},"13":{"start":{"line":36,"column":0},"end":{"line":36,"column":29}}},"fnMap":{"0":{"name":"useWindowSize","decl":{"start":{"line":8,"column":9},"end":{"line":8,"column":22}},"loc":{"start":{"line":8,"column":22},"end":{"line":34,"column":1}}},"1":{"name":"(anonymous_1)","decl":{"start":{"line":13,"column":12},"end":{"line":13,"column":15}},"loc":{"start":{"line":13,"column":17},"end":{"line":23,"column":3}}},"2":{"name":"handleResize","decl":{"start":{"line":14,"column":13},"end":{"line":14,"column":25}},"loc":{"start":{"line":14,"column":25},"end":{"line":19,"column":5}}},"3":{"name":"(anonymous_3)","decl":{"start":{"line":22,"column":11},"end":{"line":22,"column":14}},"loc":{"start":{"line":22,"column":17},"end":{"line":22,"column":67}}}},"branchMap":{"0":{"loc":{"start":{"line":25,"column":2},"end":{"line":27,"column":null}},"type":"if","locations":[{"start":{"line":25,"column":2},"end":{"line":27,"column":null}}]},"1":{"loc":{"start":{"line":25,"column":6},"end":{"line":25,"column":49}},"type":"binary-expr","locations":[{"start":{"line":25,"column":6},"end":{"line":25,"column":22}},{"start":{"line":25,"column":26},"end":{"line":25,"column":49}}]},"2":{"loc":{"start":{"line":29,"column":2},"end":{"line":31,"column":null}},"type":"if","locations":[{"start":{"line":29,"column":2},"end":{"line":31,"column":null}}]},"3":{"loc":{"start":{"line":29,"column":6},"end":{"line":29,"column":74}},"type":"binary-expr","locations":[{"start":{"line":29,"column":6},"end":{"line":29,"column":22}},{"start":{"line":29,"column":26},"end":{"line":29,"column":48}},{"start":{"line":29,"column":52},"end":{"line":29,"column":74}}]}},"s":{"0":1,"1":9,"2":9,"3":4,"4":4,"5":4,"6":4,"7":4,"8":9,"9":0,"10":9,"11":0,"12":9,"13":1},"f":{"0":9,"1":4,"2":4,"3":4},"b":{"0":[0],"1":[9,4],"2":[0],"3":[9,4,0]}}
}
