{"/Users/dulajkavinda/Desktop/Projects/Personal/folio-ui/src/components/button/button.tsx": {"path":"/Users/dulajkavinda/Desktop/Projects/Personal/folio-ui/src/components/button/button.tsx","statementMap":{"0":{"start":{"line":2,"column":0},"end":{"line":2,"column":41}},"1":{"start":{"line":16,"column":47},"end":{"line":45,"column":1}},"2":{"start":{"line":17,"column":65},"end":{"line":17,"column":70}},"3":{"start":{"line":19,"column":22},"end":{"line":22,"column":3}},"4":{"start":{"line":20,"column":4},"end":{"line":20,"column":25}},"5":{"start":{"line":20,"column":18},"end":{"line":20,"column":25}},"6":{"start":{"line":21,"column":4},"end":{"line":21,"column":22}},"7":{"start":{"line":24,"column":17},"end":{"line":30,"column":null}},"8":{"start":{"line":33,"column":2},"end":{"line":44,"column":4}},"9":{"start":{"line":47,"column":0},"end":{"line":54,"column":2}},"10":{"start":{"line":52,"column":17},"end":{"line":52,"column":21}},"11":{"start":{"line":56,"column":0},"end":{"line":56,"column":22}}},"fnMap":{"0":{"name":"(anonymous_6)","decl":{"start":{"line":16,"column":47},"end":{"line":16,"column":48}},"loc":{"start":{"line":16,"column":64},"end":{"line":45,"column":1}}},"1":{"name":"(anonymous_7)","decl":{"start":{"line":19,"column":22},"end":{"line":19,"column":23}},"loc":{"start":{"line":19,"column":46},"end":{"line":22,"column":3}}},"2":{"name":"(anonymous_8)","decl":{"start":{"line":52,"column":11},"end":{"line":52,"column":14}},"loc":{"start":{"line":52,"column":17},"end":{"line":52,"column":21}}}},"branchMap":{"0":{"loc":{"start":{"line":20,"column":4},"end":{"line":20,"column":25}},"type":"if","locations":[{"start":{"line":20,"column":4},"end":{"line":20,"column":25}}]},"1":{"loc":{"start":{"line":41,"column":7},"end":{"line":41,"column":63}},"type":"binary-expr","locations":[{"start":{"line":41,"column":7},"end":{"line":41,"column":11}},{"start":{"line":41,"column":15},"end":{"line":41,"column":63}}]}},"s":{"0":1,"1":1,"2":1,"3":1,"4":0,"5":0,"6":0,"7":1,"8":1,"9":1,"10":0,"11":1},"f":{"0":1,"1":0,"2":0},"b":{"0":[0],"1":[1,0]}}
}
