TN:
SF:src/assets/icons/account.svg
FNF:0
FNH:0
DA:1,3
LF:1
LH:1
BRF:0
BRH:0
end_of_record
TN:
SF:src/assets/icons/aws.svg
FNF:0
FNH:0
DA:1,3
LF:1
LH:1
BRF:0
BRH:0
end_of_record
TN:
SF:src/assets/icons/blog.svg
FNF:0
FNH:0
DA:1,3
LF:1
LH:1
BRF:0
BRH:0
end_of_record
TN:
SF:src/assets/icons/career.svg
FNF:0
FNH:0
DA:1,3
LF:1
LH:1
BRF:0
BRH:0
end_of_record
TN:
SF:src/assets/icons/changelog.svg
FNF:0
FNH:0
DA:1,3
LF:1
LH:1
BRF:0
BRH:0
end_of_record
TN:
SF:src/assets/icons/close.svg
FNF:0
FNH:0
DA:1,3
LF:1
LH:1
BRF:0
BRH:0
end_of_record
TN:
SF:src/assets/icons/contact.svg
FNF:0
FNH:0
DA:1,3
LF:1
LH:1
BRF:0
BRH:0
end_of_record
TN:
SF:src/assets/icons/credits.svg
FNF:0
FNH:0
DA:1,3
LF:1
LH:1
BRF:0
BRH:0
end_of_record
TN:
SF:src/assets/icons/dark.svg
FNF:0
FNH:0
DA:1,3
LF:1
LH:1
BRF:0
BRH:0
end_of_record
TN:
SF:src/assets/icons/dashboard.svg
FNF:0
FNH:0
DA:1,3
LF:1
LH:1
BRF:0
BRH:0
end_of_record
TN:
SF:src/assets/icons/docker.svg
FNF:0
FNH:0
DA:1,3
LF:1
LH:1
BRF:0
BRH:0
end_of_record
TN:
SF:src/assets/icons/dots-circle.svg
FNF:0
FNH:0
DA:1,3
LF:1
LH:1
BRF:0
BRH:0
end_of_record
TN:
SF:src/assets/icons/dots-grid.svg
FNF:0
FNH:0
DA:1,3
LF:1
LH:1
BRF:0
BRH:0
end_of_record
TN:
SF:src/assets/icons/dots-hexagon.svg
FNF:0
FNH:0
DA:1,3
LF:1
LH:1
BRF:0
BRH:0
end_of_record
TN:
SF:src/assets/icons/dots-square.svg
FNF:0
FNH:0
DA:1,3
LF:1
LH:1
BRF:0
BRH:0
end_of_record
TN:
SF:src/assets/icons/dots-triangle.svg
FNF:0
FNH:0
DA:1,3
LF:1
LH:1
BRF:0
BRH:0
end_of_record
TN:
SF:src/assets/icons/dots-vertical.svg
FNF:0
FNH:0
DA:1,3
LF:1
LH:1
BRF:0
BRH:0
end_of_record
TN:
SF:src/assets/icons/dots.svg
FNF:0
FNH:0
DA:1,3
LF:1
LH:1
BRF:0
BRH:0
end_of_record
TN:
SF:src/assets/icons/email.svg
FNF:0
FNH:0
DA:1,3
LF:1
LH:1
BRF:0
BRH:0
end_of_record
TN:
SF:src/assets/icons/eye.svg
FNF:0
FNH:0
DA:1,3
LF:1
LH:1
BRF:0
BRH:0
end_of_record
TN:
SF:src/assets/icons/github.svg
FNF:0
FNH:0
DA:1,3
LF:1
LH:1
BRF:0
BRH:0
end_of_record
TN:
SF:src/assets/icons/graphql.svg
FNF:0
FNH:0
DA:1,3
LF:1
LH:1
BRF:0
BRH:0
end_of_record
TN:
SF:src/assets/icons/home.svg
FNF:0
FNH:0
DA:1,3
LF:1
LH:1
BRF:0
BRH:0
end_of_record
TN:
SF:src/assets/icons/images.svg
FNF:0
FNH:0
DA:1,3
LF:1
LH:1
BRF:0
BRH:0
end_of_record
TN:
SF:src/assets/icons/jest.svg
FNF:0
FNH:0
DA:1,3
LF:1
LH:1
BRF:0
BRH:0
end_of_record
TN:
SF:src/assets/icons/js.svg
FNF:0
FNH:0
DA:1,3
LF:1
LH:1
BRF:0
BRH:0
end_of_record
TN:
SF:src/assets/icons/link.svg
FNF:0
FNH:0
DA:1,3
LF:1
LH:1
BRF:0
BRH:0
end_of_record
TN:
SF:src/assets/icons/linkedin.svg
FNF:0
FNH:0
DA:1,3
LF:1
LH:1
BRF:0
BRH:0
end_of_record
TN:
SF:src/assets/icons/minus.svg
FNF:0
FNH:0
DA:1,3
LF:1
LH:1
BRF:0
BRH:0
end_of_record
TN:
SF:src/assets/icons/mocha.svg
FNF:0
FNH:0
DA:1,3
LF:1
LH:1
BRF:0
BRH:0
end_of_record
TN:
SF:src/assets/icons/nextjs.svg
FNF:0
FNH:0
DA:1,3
LF:1
LH:1
BRF:0
BRH:0
end_of_record
TN:
SF:src/assets/icons/nodejs.svg
FNF:0
FNH:0
DA:1,3
LF:1
LH:1
BRF:0
BRH:0
end_of_record
TN:
SF:src/assets/icons/plus.svg
FNF:0
FNH:0
DA:1,3
LF:1
LH:1
BRF:0
BRH:0
end_of_record
TN:
SF:src/assets/icons/projects.svg
FNF:0
FNH:0
DA:1,3
LF:1
LH:1
BRF:0
BRH:0
end_of_record
TN:
SF:src/assets/icons/python.svg
FNF:0
FNH:0
DA:1,3
LF:1
LH:1
BRF:0
BRH:0
end_of_record
TN:
SF:src/assets/icons/react.svg
FNF:0
FNH:0
DA:1,3
LF:1
LH:1
BRF:0
BRH:0
end_of_record
TN:
SF:src/assets/icons/read.svg
FNF:0
FNH:0
DA:1,3
LF:1
LH:1
BRF:0
BRH:0
end_of_record
TN:
SF:src/assets/icons/resume.svg
FNF:0
FNH:0
DA:1,3
LF:1
LH:1
BRF:0
BRH:0
end_of_record
TN:
SF:src/assets/icons/rss.svg
FNF:0
FNH:0
DA:1,3
LF:1
LH:1
BRF:0
BRH:0
end_of_record
TN:
SF:src/assets/icons/scss.svg
FNF:0
FNH:0
DA:1,3
LF:1
LH:1
BRF:0
BRH:0
end_of_record
TN:
SF:src/assets/icons/search.svg
FNF:0
FNH:0
DA:1,3
LF:1
LH:1
BRF:0
BRH:0
end_of_record
TN:
SF:src/assets/icons/send.svg
FNF:0
FNH:0
DA:1,3
LF:1
LH:1
BRF:0
BRH:0
end_of_record
TN:
SF:src/assets/icons/source.svg
FNF:0
FNH:0
DA:1,3
LF:1
LH:1
BRF:0
BRH:0
end_of_record
TN:
SF:src/assets/icons/sunny.svg
FNF:0
FNH:0
DA:1,3
LF:1
LH:1
BRF:0
BRH:0
end_of_record
TN:
SF:src/assets/icons/ts.svg
FNF:0
FNH:0
DA:1,3
LF:1
LH:1
BRF:0
BRH:0
end_of_record
TN:
SF:src/assets/icons/uses.svg
FNF:0
FNH:0
DA:1,3
LF:1
LH:1
BRF:0
BRH:0
end_of_record
TN:
SF:src/assets/icons/youtube.svg
FNF:0
FNH:0
DA:1,3
LF:1
LH:1
BRF:0
BRH:0
end_of_record
TN:
SF:src/components/avatar/avatar.tsx
FN:30,(anonymous_6)
FNF:1
FNH:1
FNDA:7,(anonymous_6)
DA:1,1
DA:2,1
DA:30,1
DA:31,7
DA:33,7
DA:40,7
DA:47,1
DA:54,1
LF:8
LH:8
BRF:0
BRH:0
end_of_record
TN:
SF:src/components/blog/blog.tsx
FN:24,(anonymous_1)
FNF:1
FNH:1
FNDA:10,(anonymous_1)
DA:1,1
DA:2,1
DA:3,1
DA:4,1
DA:5,1
DA:6,1
DA:24,1
DA:36,10
DA:38,9
DA:45,9
DA:83,1
DA:91,1
LF:12
LH:12
BRDA:55,0,0,9
BRDA:55,0,1,8
BRDA:55,1,0,0
BRDA:55,1,1,9
BRDA:55,2,0,9
BRDA:55,2,1,9
BRDA:64,3,0,9
BRDA:64,3,1,2
BRDA:72,4,0,2
BRDA:72,4,1,1
BRDA:72,5,0,0
BRDA:72,5,1,2
BRDA:72,6,0,2
BRDA:72,6,1,2
BRDA:73,7,0,1
BRDA:73,7,1,0
BRF:16
BRH:13
end_of_record
TN:
SF:src/components/button/button.tsx
FN:18,(anonymous_6)
FN:31,(anonymous_7)
FN:67,(anonymous_8)
FNF:3
FNH:2
FNDA:16,(anonymous_6)
FNDA:1,(anonymous_7)
FNDA:0,(anonymous_8)
DA:1,2
DA:2,2
DA:18,2
DA:29,16
DA:31,16
DA:32,1
DA:33,1
DA:36,16
DA:46,16
DA:62,2
DA:67,0
DA:73,2
LF:12
LH:11
BRDA:32,0,0,0
BRDA:56,1,0,16
BRDA:56,1,1,3
BRF:3
BRH:2
end_of_record
TN:
SF:src/components/button/index.ts
FNF:0
FNH:0
DA:1,1
DA:3,1
LF:2
LH:2
BRF:0
BRH:0
end_of_record
TN:
SF:src/components/dropdown/dropdown.tsx
FN:15,(anonymous_6)
FN:21,(anonymous_7)
FN:28,(anonymous_8)
FN:56,(anonymous_9)
FN:57,(anonymous_10)
FN:61,(anonymous_11)
FN:67,(anonymous_12)
FN:87,(anonymous_13)
FN:104,(anonymous_14)
FNF:9
FNH:8
FNDA:20,(anonymous_6)
FNDA:8,(anonymous_7)
FNDA:3,(anonymous_8)
FNDA:0,(anonymous_9)
FNDA:8,(anonymous_10)
FNDA:21,(anonymous_11)
FNDA:3,(anonymous_12)
FNDA:2,(anonymous_13)
FNDA:5,(anonymous_14)
DA:1,1
DA:2,1
DA:15,1
DA:16,20
DA:17,19
DA:19,19
DA:21,19
DA:22,8
DA:23,0
DA:25,8
DA:26,8
DA:27,3
DA:28,3
DA:30,3
DA:31,3
DA:33,5
DA:38,19
DA:40,19
DA:56,0
DA:57,8
DA:63,21
DA:68,3
DA:69,3
DA:72,3
DA:73,3
DA:88,2
DA:89,2
DA:92,2
DA:93,2
DA:104,1
DA:106,1
LF:31
LH:29
BRDA:22,0,0,0
BRDA:22,0,1,8
BRDA:26,1,0,3
BRDA:26,1,1,5
BRDA:48,2,0,8
BRDA:48,2,1,11
BRDA:59,3,0,6
BRDA:59,3,1,13
BRDA:68,4,0,3
BRDA:82,5,0,19
BRDA:82,5,1,8
BRDA:88,6,0,2
BRF:12
BRH:11
end_of_record
TN:
SF:src/components/icon/icon.tsx
FN:179,(anonymous_7)
FNF:1
FNH:1
FNDA:12,(anonymous_7)
DA:1,3
DA:2,3
DA:4,3
DA:5,3
DA:6,3
DA:7,3
DA:8,3
DA:9,3
DA:10,3
DA:11,3
DA:12,3
DA:13,3
DA:14,3
DA:15,3
DA:16,3
DA:17,3
DA:18,3
DA:19,3
DA:20,3
DA:21,3
DA:22,3
DA:23,3
DA:24,3
DA:25,3
DA:26,3
DA:27,3
DA:28,3
DA:29,3
DA:30,3
DA:31,3
DA:32,3
DA:33,3
DA:34,3
DA:35,3
DA:36,3
DA:37,3
DA:38,3
DA:39,3
DA:40,3
DA:41,3
DA:42,3
DA:43,3
DA:44,3
DA:45,3
DA:46,3
DA:47,3
DA:48,3
DA:49,3
DA:50,3
DA:129,3
DA:179,3
DA:180,12
DA:182,12
DA:189,12
DA:191,12
DA:202,3
DA:209,3
LF:57
LH:57
BRF:0
BRH:0
end_of_record
TN:
SF:src/components/icon/index.ts
FNF:0
FNH:0
DA:1,2
DA:3,2
LF:2
LH:2
BRF:0
BRH:0
end_of_record
TN:
SF:src/components/label/index.ts
FNF:0
FNH:0
DA:1,1
DA:3,1
LF:2
LH:2
BRF:0
BRH:0
end_of_record
TN:
SF:src/components/label/label.tsx
FN:12,(anonymous_7)
FNF:1
FNH:1
FNDA:9,(anonymous_7)
DA:1,1
DA:2,1
DA:12,1
DA:13,9
DA:15,9
DA:22,9
DA:29,1
DA:35,1
LF:8
LH:8
BRF:0
BRH:0
end_of_record
TN:
SF:src/components/techstack/index.ts
FNF:0
FNH:0
DA:1,1
DA:3,1
LF:2
LH:2
BRF:0
BRH:0
end_of_record
TN:
SF:src/components/techstack/techstack.tsx
FN:17,(anonymous_7)
FN:30,(anonymous_8)
FN:35,(anonymous_9)
FN:52,(anonymous_10)
FNF:4
FNH:4
FNDA:2,(anonymous_7)
FNDA:1,(anonymous_8)
FNDA:2,(anonymous_9)
FNDA:1,(anonymous_10)
DA:1,1
DA:2,1
DA:3,1
DA:17,1
DA:18,2
DA:20,0
DA:22,0
DA:24,2
DA:26,0
DA:30,1
DA:35,1
DA:36,2
DA:52,1
DA:53,1
DA:54,1
DA:60,1
DA:67,1
DA:73,1
LF:18
LH:15
BRDA:18,0,0,0
BRDA:18,0,1,0
BRDA:18,0,2,2
BRDA:18,0,3,0
BRDA:43,1,0,0
BRDA:43,1,1,2
BRDA:43,2,0,2
BRDA:43,2,1,2
BRF:8
BRH:4
end_of_record
